1498144963.531983 client started (30357): socket /private/tmp/tmux-1564549884/default, protocol 8
1498144963.532008 on Darwin 16.5.0 Darwin Kernel Version 16.5.0: Fri Mar  3 16:52:33 PST 2017; root:xnu-3789.51.2~3/RELEASE_X86_64; libevent 2.0.22-stable (select)
1498144963.532045 socket is /private/tmp/tmux-1564549884/default
1498144963.532057 trying connect
1498144963.532128 add peer 0x7f90f181c800: 6 (0x0)
1498144963.533029 sending message 100 to peer 0x7f90f181c800 (4 bytes)
1498144963.533045 sending message 101 to peer 0x7f90f181c800 (15 bytes)
1498144963.533049 sending message 102 to peer 0x7f90f181c800 (13 bytes)
1498144963.533052 sending message 108 to peer 0x7f90f181c800 (24 bytes)
1498144963.533061 sending message 104 to peer 0x7f90f181c800 (0 bytes)
1498144963.533064 sending message 107 to peer 0x7f90f181c800 (4 bytes)
1498144963.533067 sending message 105 to peer 0x7f90f181c800 (60 bytes)
1498144963.533070 sending message 105 to peer 0x7f90f181c800 (66 bytes)
1498144963.533072 sending message 105 to peer 0x7f90f181c800 (76 bytes)
1498144963.533075 sending message 105 to peer 0x7f90f181c800 (14 bytes)
1498144963.533078 sending message 105 to peer 0x7f90f181c800 (22 bytes)
1498144963.533081 sending message 105 to peer 0x7f90f181c800 (14 bytes)
1498144963.533083 sending message 105 to peer 0x7f90f181c800 (11 bytes)
1498144963.533086 sending message 105 to peer 0x7f90f181c800 (28 bytes)
1498144963.533089 sending message 105 to peer 0x7f90f181c800 (25 bytes)
1498144963.533092 sending message 105 to peer 0x7f90f181c800 (24 bytes)
1498144963.533094 sending message 105 to peer 0x7f90f181c800 (28 bytes)
1498144963.533097 sending message 105 to peer 0x7f90f181c800 (23 bytes)
1498144963.533100 sending message 105 to peer 0x7f90f181c800 (385 bytes)
1498144963.533103 sending message 105 to peer 0x7f90f181c800 (22 bytes)
1498144963.533105 sending message 105 to peer 0x7f90f181c800 (20 bytes)
1498144963.533108 sending message 105 to peer 0x7f90f181c800 (20 bytes)
1498144963.533111 sending message 105 to peer 0x7f90f181c800 (57 bytes)
1498144963.533113 sending message 105 to peer 0x7f90f181c800 (13 bytes)
1498144963.533116 sending message 105 to peer 0x7f90f181c800 (19 bytes)
1498144963.533119 sending message 105 to peer 0x7f90f181c800 (16 bytes)
1498144963.533121 sending message 105 to peer 0x7f90f181c800 (61 bytes)
1498144963.533124 sending message 105 to peer 0x7f90f181c800 (43 bytes)
1498144963.533127 sending message 105 to peer 0x7f90f181c800 (8 bytes)
1498144963.533130 sending message 105 to peer 0x7f90f181c800 (22 bytes)
1498144963.533132 sending message 105 to peer 0x7f90f181c800 (13 bytes)
1498144963.533135 sending message 105 to peer 0x7f90f181c800 (11 bytes)
1498144963.533138 sending message 105 to peer 0x7f90f181c800 (11 bytes)
1498144963.533140 sending message 105 to peer 0x7f90f181c800 (11 bytes)
1498144963.533143 sending message 105 to peer 0x7f90f181c800 (34 bytes)
1498144963.533146 sending message 105 to peer 0x7f90f181c800 (25 bytes)
1498144963.533148 sending message 105 to peer 0x7f90f181c800 (25 bytes)
1498144963.533151 sending message 105 to peer 0x7f90f181c800 (21 bytes)
1498144963.533154 sending message 105 to peer 0x7f90f181c800 (21 bytes)
1498144963.533157 sending message 105 to peer 0x7f90f181c800 (28 bytes)
1498144963.533159 sending message 105 to peer 0x7f90f181c800 (21 bytes)
1498144963.533162 sending message 105 to peer 0x7f90f181c800 (25 bytes)
1498144963.533165 sending message 105 to peer 0x7f90f181c800 (32 bytes)
1498144963.533167 sending message 105 to peer 0x7f90f181c800 (107 bytes)
1498144963.533170 sending message 105 to peer 0x7f90f181c800 (17 bytes)
1498144963.533173 sending message 105 to peer 0x7f90f181c800 (21 bytes)
1498144963.533176 sending message 105 to peer 0x7f90f181c800 (27 bytes)
1498144963.533178 sending message 105 to peer 0x7f90f181c800 (75 bytes)
1498144963.533181 sending message 105 to peer 0x7f90f181c800 (16 bytes)
1498144963.533184 sending message 105 to peer 0x7f90f181c800 (19 bytes)
1498144963.533186 sending message 105 to peer 0x7f90f181c800 (15 bytes)
1498144963.533189 sending message 105 to peer 0x7f90f181c800 (19 bytes)
1498144963.533200 sending message 105 to peer 0x7f90f181c800 (59 bytes)
1498144963.533203 sending message 105 to peer 0x7f90f181c800 (40 bytes)
1498144963.533206 sending message 105 to peer 0x7f90f181c800 (34 bytes)
1498144963.533209 sending message 105 to peer 0x7f90f181c800 (44 bytes)
1498144963.533212 sending message 105 to peer 0x7f90f181c800 (30 bytes)
1498144963.533214 sending message 105 to peer 0x7f90f181c800 (61 bytes)
1498144963.533217 sending message 105 to peer 0x7f90f181c800 (55 bytes)
1498144963.533220 sending message 105 to peer 0x7f90f181c800 (44 bytes)
1498144963.533223 sending message 105 to peer 0x7f90f181c800 (119 bytes)
1498144963.533226 sending message 105 to peer 0x7f90f181c800 (22 bytes)
1498144963.533228 sending message 105 to peer 0x7f90f181c800 (17 bytes)
1498144963.533231 sending message 105 to peer 0x7f90f181c800 (15 bytes)
1498144963.533234 sending message 106 to peer 0x7f90f181c800 (0 bytes)
1498144963.533239 sending message 200 to peer 0x7f90f181c800 (4 bytes)
1498144963.533243 client loop enter
1498144963.535910 peer 0x7f90f181c800 message 207
1498144963.535929 sending message 208 to peer 0x7f90f181c800 (0 bytes)
1498144967.438222 peer 0x7f90f181c800 message 203
1498144967.438239 sending message 205 to peer 0x7f90f181c800 (0 bytes)
1498144967.438718 peer 0x7f90f181c800 message 204
1498144967.438735 client loop exit
